DEBUG qtp26756861-24 org.springframework.security.access.vote.AffirmativeBased - Voter: org.springframework.security.web.access.expression.WebExpressionVoter@199da01, returned: 1
DEBUG qtp26756861-24 org.springframework.security.web.access.intercept.FilterSecurityInterceptor - Authorization successful
DEBUG qtp26756861-24 org.springframework.security.web.access.intercept.FilterSecurityInterceptor - RunAsManager did not change Authentication object
DEBUG qtp26756861-24 org.springframework.security.web.FilterChainProxy - /static/styles/finance.css reached end of additional filter chain; proceeding with original chain
DEBUG qtp26756861-24 org.springframework.security.web.access.ExceptionTranslationFilter - Chain processed normally
DEBUG qtp26756861-24 org.springframework.security.web.context.SecurityContextPersistenceFilter - SecurityContextHolder now cleared, as request processing completed
DEBUG qtp26756861-27 org.springframework.security.web.FilterChainProxy - Converted URL to lowercase, from: '/product'; to: '/product'
DEBUG qtp26756861-27 org.springframework.security.web.FilterChainProxy - Candidate is: '/product'; pattern is /**; matched=true
DEBUG qtp26756861-27 org.springframework.security.web.FilterChainProxy - /product at position 1 of 9 in additional filter chain; firing Filter: 'org.springframework.security.web.context.SecurityContextPersistenceFilter@137c834'
DEBUG qtp26756861-27 org.springframework.security.web.context.HttpSessionSecurityContextRepository - Obtained a valid SecurityContext from SPRING_SECURITY_CONTEXT: 'org.springframework.security.core.context.SecurityContextImpl@badb1fa9: Authentication: org.springframework.security.authentication.UsernamePasswordAuthenticationToken@badb1fa9: Principal: org.springframework.security.core.userdetails.User@0: Username: super@admin.com; Password: [PROTECTED]; Enabled: true; AccountNonExpired: true; credentialsNonExpired: true; AccountNonLocked: true; Granted Authorities: ROLE_ADMIN; Password: [PROTECTED]; Authenticated: true; Details: org.springframework.security.web.authentication.WebAuthenticationDetails@fffed504: RemoteIpAddress: 127.0.0.1; SessionId: 1j3cw73hwrvpn1h0txgsr0x0dw; Granted Authorities: ROLE_ADMIN'
DEBUG qtp26756861-27 org.springframework.security.web.FilterChainProxy - /product at position 2 of 9 in additional filter chain; firing Filter: 'org.springframework.security.web.authentication.logout.LogoutFilter@f93d2d'
DEBUG qtp26756861-27 org.springframework.security.web.FilterChainProxy - /product at position 3 of 9 in additional filter chain; firing Filter: 'org.springframework.security.web.authentication.UsernamePasswordAuthenticationProcessingFilter@11f74a1'
DEBUG qtp26756861-27 org.springframework.security.web.FilterChainProxy - /product at position 4 of 9 in additional filter chain; firing Filter: 'org.springframework.security.web.savedrequest.RequestCacheAwareFilter@21fdc8'
DEBUG qtp26756861-27 org.springframework.security.web.FilterChainProxy - /product at position 5 of 9 in additional filter chain; firing Filter: 'org.springframework.security.web.wrapper.SecurityContextHolderAwareRequestFilter@19c83b2'
DEBUG qtp26756861-27 org.springframework.security.web.FilterChainProxy - /product at position 6 of 9 in additional filter chain; firing Filter: 'org.springframework.security.web.authentication.AnonymousProcessingFilter@137e670'
DEBUG qtp26756861-27 org.springframework.security.web.authentication.AnonymousProcessingFilter - SecurityContextHolder not populated with anonymous token, as it already contained: 'org.springframework.security.authentication.UsernamePasswordAuthenticationToken@badb1fa9: Principal: org.springframework.security.core.userdetails.User@0: Username: super@admin.com; Password: [PROTECTED]; Enabled: true; AccountNonExpired: true; credentialsNonExpired: true; AccountNonLocked: true; Granted Authorities: ROLE_ADMIN; Password: [PROTECTED]; Authenticated: true; Details: org.springframework.security.web.authentication.WebAuthenticationDetails@fffed504: RemoteIpAddress: 127.0.0.1; SessionId: 1j3cw73hwrvpn1h0txgsr0x0dw; Granted Authorities: ROLE_ADMIN'
DEBUG qtp26756861-27 org.springframework.security.web.FilterChainProxy - /product at position 7 of 9 in additional filter chain; firing Filter: 'org.springframework.security.web.access.ExceptionTranslationFilter@f9e89d'
DEBUG qtp26756861-27 org.springframework.security.web.FilterChainProxy - /product at position 8 of 9 in additional filter chain; firing Filter: 'org.springframework.security.web.session.SessionManagementFilter@116d76a'
DEBUG qtp26756861-27 org.springframework.security.web.FilterChainProxy - /product at position 9 of 9 in additional filter chain; firing Filter: 'org.springframework.security.web.access.intercept.FilterSecurityInterceptor@98928f'
DEBUG qtp26756861-27 org.springframework.security.web.access.expression.ExpressionBasedFilterInvocationSecurityMetadataSource - Converted URL to lowercase, from: '/product'; to: '/product'
DEBUG qtp26756861-27 org.springframework.security.web.access.expression.ExpressionBasedFilterInvocationSecurityMetadataSource - Candidate is: '/product'; pattern is /**; matched=true
DEBUG qtp26756861-27 org.springframework.security.web.access.intercept.FilterSecurityInterceptor - Secure object: FilterInvocation: URL: /product; Attributes: [permitAll]
DEBUG qtp26756861-27 org.springframework.security.web.access.intercept.FilterSecurityInterceptor - Previously Authenticated: org.springframework.security.authentication.UsernamePasswordAuthenticationToken@badb1fa9: Principal: org.springframework.security.core.userdetails.User@0: Username: super@admin.com; Password: [PROTECTED]; Enabled: true; AccountNonExpired: true; credentialsNonExpired: true; AccountNonLocked: true; Granted Authorities: ROLE_ADMIN; Password: [PROTECTED]; Authenticated: true; Details: org.springframework.security.web.authentication.WebAuthenticationDetails@fffed504: RemoteIpAddress: 127.0.0.1; SessionId: 1j3cw73hwrvpn1h0txgsr0x0dw; Granted Authorities: ROLE_ADMIN
DEBUG qtp26756861-27 org.springframework.security.access.vote.AffirmativeBased - Voter: org.springframework.security.web.access.expression.WebExpressionVoter@199da01, returned: 1
DEBUG qtp26756861-27 org.springframework.security.web.access.intercept.FilterSecurityInterceptor - Authorization successful
DEBUG qtp26756861-27 org.springframework.security.web.access.intercept.FilterSecurityInterceptor - RunAsManager did not change Authentication object
DEBUG qtp26756861-27 org.springframework.security.web.FilterChainProxy - /product reached end of additional filter chain; proceeding with original chain
DEBUG qtp26756861-27 org.springframework.security.web.access.ExceptionTranslationFilter - Chain processed normally
DEBUG qtp26756861-27 org.springframework.security.web.context.SecurityContextPersistenceFilter - SecurityContextHolder now cleared, as request processing completed
DEBUG qtp26756861-28 org.springframework.security.web.FilterChainProxy - Converted URL to lowercase, from: '/static/styles/finance.css'; to: '/static/styles/finance.css'
DEBUG qtp26756861-28 org.springframework.security.web.FilterChainProxy - Candidate is: '/static/styles/finance.css'; pattern is /**; matched=true
DEBUG qtp26756861-28 org.springframework.security.web.FilterChainProxy - /static/styles/finance.css at position 1 of 9 in additional filter chain; firing Filter: 'org.springframework.security.web.context.SecurityContextPersistenceFilter@137c834'
DEBUG qtp26756861-28 org.springframework.security.web.context.HttpSessionSecurityContextRepository - Obtained a valid SecurityContext from SPRING_SECURITY_CONTEXT: 'org.springframework.security.core.context.SecurityContextImpl@badb1fa9: Authentication: org.springframework.security.authentication.UsernamePasswordAuthenticationToken@badb1fa9: Principal: org.springframework.security.core.userdetails.User@0: Username: super@admin.com; Password: [PROTECTED]; Enabled: true; AccountNonExpired: true; credentialsNonExpired: true; AccountNonLocked: true; Granted Authorities: ROLE_ADMIN; Password: [PROTECTED]; Authenticated: true; Details: org.springframework.security.web.authentication.WebAuthenticationDetails@fffed504: RemoteIpAddress: 127.0.0.1; SessionId: 1j3cw73hwrvpn1h0txgsr0x0dw; Granted Authorities: ROLE_ADMIN'
DEBUG qtp26756861-28 org.springframework.security.web.FilterChainProxy - /static/styles/finance.css at position 2 of 9 in additional filter chain; firing Filter: 'org.springframework.security.web.authentication.logout.LogoutFilter@f93d2d'
DEBUG qtp26756861-28 org.springframework.security.web.FilterChainProxy - /static/styles/finance.css at position 3 of 9 in additional filter chain; firing Filter: 'org.springframework.security.web.authentication.UsernamePasswordAuthenticationProcessingFilter@11f74a1'
DEBUG qtp26756861-28 org.springframework.security.web.FilterChainProxy - /static/styles/finance.css at position 4 of 9 in additional filter chain; firing Filter: 'org.springframework.security.web.savedrequest.RequestCacheAwareFilter@21fdc8'
DEBUG qtp26756861-28 org.springframework.security.web.FilterChainProxy - /static/styles/finance.css at position 5 of 9 in additional filter chain; firing Filter: 'org.springframework.security.web.wrapper.SecurityContextHolderAwareRequestFilter@19c83b2'
DEBUG qtp26756861-28 org.springframework.security.web.FilterChainProxy - /static/styles/finance.css at position 6 of 9 in additional filter chain; firing Filter: 'org.springframework.security.web.authentication.AnonymousProcessingFilter@137e670'
DEBUG qtp26756861-28 org.springframework.security.web.authentication.AnonymousProcessingFilter - SecurityContextHolder not populated with anonymous token, as it already contained: 'org.springframework.security.authentication.UsernamePasswordAuthenticationToken@badb1fa9: Principal: org.springframework.security.core.userdetails.User@0: Username: super@admin.com; Password: [PROTECTED]; Enabled: true; AccountNonExpired: true; credentialsNonExpired: true; AccountNonLocked: true; Granted Authorities: ROLE_ADMIN; Password: [PROTECTED]; Authenticated: true; Details: org.springframework.security.web.authentication.WebAuthenticationDetails@fffed504: RemoteIpAddress: 127.0.0.1; SessionId: 1j3cw73hwrvpn1h0txgsr0x0dw; Granted Authorities: ROLE_ADMIN'
DEBUG qtp26756861-28 org.springframework.security.web.FilterChainProxy - /static/styles/finance.css at position 7 of 9 in additional filter chain; firing Filter: 'org.springframework.security.web.access.ExceptionTranslationFilter@f9e89d'
DEBUG qtp26756861-28 org.springframework.security.web.FilterChainProxy - /static/styles/finance.css at position 8 of 9 in additional filter chain; firing Filter: 'org.springframework.security.web.session.SessionManagementFilter@116d76a'
DEBUG qtp26756861-28 org.springframework.security.web.FilterChainProxy - /static/styles/finance.css at position 9 of 9 in additional filter chain; firing Filter: 'org.springframework.security.web.access.intercept.FilterSecurityInterceptor@98928f'
DEBUG qtp26756861-28 org.springframework.security.web.access.expression.ExpressionBasedFilterInvocationSecurityMetadataSource - Converted URL to lowercase, from: '/static/styles/finance.css'; to: '/static/styles/finance.css'
DEBUG qtp26756861-28 org.springframework.security.web.access.expression.ExpressionBasedFilterInvocationSecurityMetadataSource - Candidate is: '/static/styles/finance.css'; pattern is /**; matched=true
DEBUG qtp26756861-28 org.springframework.security.web.access.intercept.FilterSecurityInterceptor - Secure object: FilterInvocation: URL: /static/styles/finance.css; Attributes: [permitAll]
DEBUG qtp26756861-28 org.springframework.security.web.access.intercept.FilterSecurityInterceptor - Previously Authenticated: org.springframework.security.authentication.UsernamePasswordAuthenticationToken@badb1fa9: Principal: org.springframework.security.core.userdetails.User@0: Username: super@admin.com; Password: [PROTECTED]; Enabled: true; AccountNonExpired: true; credentialsNonExpired: true; AccountNonLocked: true; Granted Authorities: ROLE_ADMIN; Password: [PROTECTED]; Authenticated: true; Details: org.springframework.security.web.authentication.WebAuthenticationDetails@fffed504: RemoteIpAddress: 127.0.0.1; SessionId: 1j3cw73hwrvpn1h0txgsr0x0dw; Granted Authorities: ROLE_ADMIN
DEBUG qtp26756861-28 org.springframework.security.access.vote.AffirmativeBased - Voter: org.springframework.security.web.access.expression.WebExpressionVoter@199da01, returned: 1
DEBUG qtp26756861-28 org.springframework.security.web.access.intercept.FilterSecurityInterceptor - Authorization successful
DEBUG qtp26756861-28 org.springframework.security.web.access.intercept.FilterSecurityInterceptor - RunAsManager did not change Authentication object
DEBUG qtp26756861-28 org.springframework.security.web.FilterChainProxy - /static/styles/finance.css reached end of additional filter chain; proceeding with original chain
DEBUG qtp26756861-28 org.springframework.security.web.access.ExceptionTranslationFilter - Chain processed normally
DEBUG qtp26756861-28 org.springframework.security.web.context.SecurityContextPersistenceFilter - SecurityContextHolder now cleared, as request processing completed
DEBUG qtp26756861-24 org.springframework.security.web.FilterChainProxy - Converted URL to lowercase, from: '/product'; to: '/product'
DEBUG qtp26756861-24 org.springframework.security.web.FilterChainProxy - Candidate is: '/product'; pattern is /**; matched=true
DEBUG qtp26756861-24 org.springframework.security.web.FilterChainProxy - /product at position 1 of 9 in additional filter chain; firing Filter: 'org.springframework.security.web.context.SecurityContextPersistenceFilter@137c834'
DEBUG qtp26756861-24 org.springframework.security.web.context.HttpSessionSecurityContextRepository - Obtained a valid SecurityContext from SPRING_SECURITY_CONTEXT: 'org.springframework.security.core.context.SecurityContextImpl@badb1fa9: Authentication: org.springframework.security.authentication.UsernamePasswordAuthenticationToken@badb1fa9: Principal: org.springframework.security.core.userdetails.User@0: Username: super@admin.com; Password: [PROTECTED]; Enabled: true; AccountNonExpired: true; credentialsNonExpired: true; AccountNonLocked: true; Granted Authorities: ROLE_ADMIN; Password: [PROTECTED]; Authenticated: true; Details: org.springframework.security.web.authentication.WebAuthenticationDetails@fffed504: RemoteIpAddress: 127.0.0.1; SessionId: 1j3cw73hwrvpn1h0txgsr0x0dw; Granted Authorities: ROLE_ADMIN'
DEBUG qtp26756861-24 org.springframework.security.web.FilterChainProxy - /product at position 2 of 9 in additional filter chain; firing Filter: 'org.springframework.security.web.authentication.logout.LogoutFilter@f93d2d'
DEBUG qtp26756861-24 org.springframework.security.web.FilterChainProxy - /product at position 3 of 9 in additional filter chain; firing Filter: 'org.springframework.security.web.authentication.UsernamePasswordAuthenticationProcessingFilter@11f74a1'
DEBUG qtp26756861-24 org.springframework.security.web.FilterChainProxy - /product at position 4 of 9 in additional filter chain; firing Filter: 'org.springframework.security.web.savedrequest.RequestCacheAwareFilter@21fdc8'
DEBUG qtp26756861-24 org.springframework.security.web.FilterChainProxy - /product at position 5 of 9 in additional filter chain; firing Filter: 'org.springframework.security.web.wrapper.SecurityContextHolderAwareRequestFilter@19c83b2'
DEBUG qtp26756861-24 org.springframework.security.web.FilterChainProxy - /product at position 6 of 9 in additional filter chain; firing Filter: 'org.springframework.security.web.authentication.AnonymousProcessingFilter@137e670'
DEBUG qtp26756861-24 org.springframework.security.web.authentication.AnonymousProcessingFilter - SecurityContextHolder not populated with anonymous token, as it already contained: 'org.springframework.security.authentication.UsernamePasswordAuthenticationToken@badb1fa9: Principal: org.springframework.security.core.userdetails.User@0: Username: super@admin.com; Password: [PROTECTED]; Enabled: true; AccountNonExpired: true; credentialsNonExpired: true; AccountNonLocked: true; Granted Authorities: ROLE_ADMIN; Password: [PROTECTED]; Authenticated: true; Details: org.springframework.security.web.authentication.WebAuthenticationDetails@fffed504: RemoteIpAddress: 127.0.0.1; SessionId: 1j3cw73hwrvpn1h0txgsr0x0dw; Granted Authorities: ROLE_ADMIN'
DEBUG qtp26756861-24 org.springframework.security.web.FilterChainProxy - /product at position 7 of 9 in additional filter chain; firing Filter: 'org.springframework.security.web.access.ExceptionTranslationFilter@f9e89d'
DEBUG qtp26756861-24 org.springframework.security.web.FilterChainProxy - /product at position 8 of 9 in additional filter chain; firing Filter: 'org.springframework.security.web.session.SessionManagementFilter@116d76a'
DEBUG qtp26756861-24 org.springframework.security.web.FilterChainProxy - /product at position 9 of 9 in additional filter chain; firing Filter: 'org.springframework.security.web.access.intercept.FilterSecurityInterceptor@98928f'
DEBUG qtp26756861-24 org.springframework.security.web.access.expression.ExpressionBasedFilterInvocationSecurityMetadataSource - Converted URL to lowercase, from: '/product'; to: '/product'
DEBUG qtp26756861-24 org.springframework.security.web.access.expression.ExpressionBasedFilterInvocationSecurityMetadataSource - Candidate is: '/product'; pattern is /**; matched=true
DEBUG qtp26756861-24 org.springframework.security.web.access.intercept.FilterSecurityInterceptor - Secure object: FilterInvocation: URL: /product; Attributes: [permitAll]
DEBUG qtp26756861-24 org.springframework.security.web.access.intercept.FilterSecurityInterceptor - Previously Authenticated: org.springframework.security.authentication.UsernamePasswordAuthenticationToken@badb1fa9: Principal: org.springframework.security.core.userdetails.User@0: Username: super@admin.com; Password: [PROTECTED]; Enabled: true; AccountNonExpired: true; credentialsNonExpired: true; AccountNonLocked: true; Granted Authorities: ROLE_ADMIN; Password: [PROTECTED]; Authenticated: true; Details: org.springframework.security.web.authentication.WebAuthenticationDetails@fffed504: RemoteIpAddress: 127.0.0.1; SessionId: 1j3cw73hwrvpn1h0txgsr0x0dw; Granted Authorities: ROLE_ADMIN
DEBUG qtp26756861-24 org.springframework.security.access.vote.AffirmativeBased - Voter: org.springframework.security.web.access.expression.WebExpressionVoter@199da01, returned: 1
DEBUG qtp26756861-24 org.springframework.security.web.access.intercept.FilterSecurityInterceptor - Authorization successful
DEBUG qtp26756861-24 org.springframework.security.web.access.intercept.FilterSecurityInterceptor - RunAsManager did not change Authentication object
DEBUG qtp26756861-24 org.springframework.security.web.FilterChainProxy - /product reached end of additional filter chain; proceeding with original chain
DEBUG qtp26756861-24 org.springframework.security.web.access.ExceptionTranslationFilter - Chain processed normally
DEBUG qtp26756861-24 org.springframework.security.web.context.SecurityContextPersistenceFilter - SecurityContextHolder now cleared, as request processing completed
DEBUG qtp26756861-29 org.springframework.security.web.FilterChainProxy - Converted URL to lowercase, from: '/static/styles/finance.css'; to: '/static/styles/finance.css'
DEBUG qtp26756861-29 org.springframework.security.web.FilterChainProxy - Candidate is: '/static/styles/finance.css'; pattern is /**; matched=true
DEBUG qtp26756861-29 org.springframework.security.web.FilterChainProxy - /static/styles/finance.css at position 1 of 9 in additional filter chain; firing Filter: 'org.springframework.security.web.context.SecurityContextPersistenceFilter@137c834'
DEBUG qtp26756861-29 org.springframework.security.web.context.HttpSessionSecurityContextRepository - Obtained a valid SecurityContext from SPRING_SECURITY_CONTEXT: 'org.springframework.security.core.context.SecurityContextImpl@badb1fa9: Authentication: org.springframework.security.authentication.UsernamePasswordAuthenticationToken@badb1fa9: Principal: org.springframework.security.core.userdetails.User@0: Username: super@admin.com; Password: [PROTECTED]; Enabled: true; AccountNonExpired: true; credentialsNonExpired: true; AccountNonLocked: true; Granted Authorities: ROLE_ADMIN; Password: [PROTECTED]; Authenticated: true; Details: org.springframework.security.web.authentication.WebAuthenticationDetails@fffed504: RemoteIpAddress: 127.0.0.1; SessionId: 1j3cw73hwrvpn1h0txgsr0x0dw; Granted Authorities: ROLE_ADMIN'
DEBUG qtp26756861-29 org.springframework.security.web.FilterChainProxy - /static/styles/finance.css at position 2 of 9 in additional filter chain; firing Filter: 'org.springframework.security.web.authentication.logout.LogoutFilter@f93d2d'
DEBUG qtp26756861-29 org.springframework.security.web.FilterChainProxy - /static/styles/finance.css at position 3 of 9 in additional filter chain; firing Filter: 'org.springframework.security.web.authentication.UsernamePasswordAuthenticationProcessingFilter@11f74a1'
DEBUG qtp26756861-29 org.springframework.security.web.FilterChainProxy - /static/styles/finance.css at position 4 of 9 in additional filter chain; firing Filter: 'org.springframework.security.web.savedrequest.RequestCacheAwareFilter@21fdc8'
DEBUG qtp26756861-29 org.springframework.security.web.FilterChainProxy - /static/styles/finance.css at position 5 of 9 in additional filter chain; firing Filter: 'org.springframework.security.web.wrapper.SecurityContextHolderAwareRequestFilter@19c83b2'
DEBUG qtp26756861-29 org.springframework.security.web.FilterChainProxy - /static/styles/finance.css at position 6 of 9 in additional filter chain; firing Filter: 'org.springframework.security.web.authentication.AnonymousProcessingFilter@137e670'
DEBUG qtp26756861-29 org.springframework.security.web.authentication.AnonymousProcessingFilter - SecurityContextHolder not populated with anonymous token, as it already contained: 'org.springframework.security.authentication.UsernamePasswordAuthenticationToken@badb1fa9: Principal: org.springframework.security.core.userdetails.User@0: Username: super@admin.com; Password: [PROTECTED]; Enabled: true; AccountNonExpired: true; credentialsNonExpired: true; AccountNonLocked: true; Granted Authorities: ROLE_ADMIN; Password: [PROTECTED]; Authenticated: true; Details: org.springframework.security.web.authentication.WebAuthenticationDetails@fffed504: RemoteIpAddress: 127.0.0.1; SessionId: 1j3cw73hwrvpn1h0txgsr0x0dw; Granted Authorities: ROLE_ADMIN'
DEBUG qtp26756861-29 org.springframework.security.web.FilterChainProxy - /static/styles/finance.css at position 7 of 9 in additional filter chain; firing Filter: 'org.springframework.security.web.access.ExceptionTranslationFilter@f9e89d'
DEBUG qtp26756861-29 org.springframework.security.web.FilterChainProxy - /static/styles/finance.css at position 8 of 9 in additional filter chain; firing Filter: 'org.springframework.security.web.session.SessionManagementFilter@116d76a'
DEBUG qtp26756861-29 org.springframework.security.web.FilterChainProxy - /static/styles/finance.css at position 9 of 9 in additional filter chain; firing Filter: 'org.springframework.security.web.access.intercept.FilterSecurityInterceptor@98928f'
DEBUG qtp26756861-29 org.springframework.security.web.access.expression.ExpressionBasedFilterInvocationSecurityMetadataSource - Converted URL to lowercase, from: '/static/styles/finance.css'; to: '/static/styles/finance.css'
DEBUG qtp26756861-29 org.springframework.security.web.access.expression.ExpressionBasedFilterInvocationSecurityMetadataSource - Candidate is: '/static/styles/finance.css'; pattern is /**; matched=true
DEBUG qtp26756861-29 org.springframework.security.web.access.intercept.FilterSecurityInterceptor - Secure object: FilterInvocation: URL: /static/styles/finance.css; Attributes: [permitAll]
DEBUG qtp26756861-29 org.springframework.security.web.access.intercept.FilterSecurityInterceptor - Previously Authenticated: org.springframework.security.authentication.UsernamePasswordAuthenticationToken@badb1fa9: Principal: org.springframework.security.core.userdetails.User@0: Username: super@admin.com; Password: [PROTECTED]; Enabled: true; AccountNonExpired: true; credentialsNonExpired: true; AccountNonLocked: true; Granted Authorities: ROLE_ADMIN; Password: [PROTECTED]; Authenticated: true; Details: org.springframework.security.web.authentication.WebAuthenticationDetails@fffed504: RemoteIpAddress: 127.0.0.1; SessionId: 1j3cw73hwrvpn1h0txgsr0x0dw; Granted Authorities: ROLE_ADMIN
DEBUG qtp26756861-29 org.springframework.security.access.vote.AffirmativeBased - Voter: org.springframework.security.web.access.expression.WebExpressionVoter@199da01, returned: 1
DEBUG qtp26756861-29 org.springframework.security.web.access.intercept.FilterSecurityInterceptor - Authorization successful
DEBUG qtp26756861-29 org.springframework.security.web.access.intercept.FilterSecurityInterceptor - RunAsManager did not change Authentication object
DEBUG qtp26756861-29 org.springframework.security.web.FilterChainProxy - /static/styles/finance.css reached end of additional filter chain; proceeding with original chain
DEBUG qtp26756861-29 org.springframework.security.web.access.ExceptionTranslationFilter - Chain processed normally
DEBUG qtp26756861-29 org.springframework.security.web.context.SecurityContextPersistenceFilter - SecurityContextHolder now cleared, as request processing completed
DEBUG qtp26756861-25 org.springframework.security.web.FilterChainProxy - Converted URL to lowercase, from: '/person/form'; to: '/person/form'
DEBUG qtp26756861-25 org.springframework.security.web.FilterChainProxy - Candidate is: '/person/form'; pattern is /**; matched=true
DEBUG qtp26756861-25 org.springframework.security.web.FilterChainProxy - /person/form at position 1 of 9 in additional filter chain; firing Filter: 'org.springframework.security.web.context.SecurityContextPersistenceFilter@137c834'
DEBUG qtp26756861-25 org.springframework.security.web.context.HttpSessionSecurityContextRepository - Obtained a valid SecurityContext from SPRING_SECURITY_CONTEXT: 'org.springframework.security.core.context.SecurityContextImpl@badb1fa9: Authentication: org.springframework.security.authentication.UsernamePasswordAuthenticationToken@badb1fa9: Principal: org.springframework.security.core.userdetails.User@0: Username: super@admin.com; Password: [PROTECTED]; Enabled: true; AccountNonExpired: true; credentialsNonExpired: true; AccountNonLocked: true; Granted Authorities: ROLE_ADMIN; Password: [PROTECTED]; Authenticated: true; Details: org.springframework.security.web.authentication.WebAuthenticationDetails@fffed504: RemoteIpAddress: 127.0.0.1; SessionId: 1j3cw73hwrvpn1h0txgsr0x0dw; Granted Authorities: ROLE_ADMIN'
DEBUG qtp26756861-25 org.springframework.security.web.FilterChainProxy - /person/form at position 2 of 9 in additional filter chain; firing Filter: 'org.springframework.security.web.authentication.logout.LogoutFilter@f93d2d'
DEBUG qtp26756861-25 org.springframework.security.web.FilterChainProxy - /person/form at position 3 of 9 in additional filter chain; firing Filter: 'org.springframework.security.web.authentication.UsernamePasswordAuthenticationProcessingFilter@11f74a1'
DEBUG qtp26756861-25 org.springframework.security.web.FilterChainProxy - /person/form at position 4 of 9 in additional filter chain; firing Filter: 'org.springframework.security.web.savedrequest.RequestCacheAwareFilter@21fdc8'
DEBUG qtp26756861-25 org.springframework.security.web.FilterChainProxy - /person/form at position 5 of 9 in additional filter chain; firing Filter: 'org.springframework.security.web.wrapper.SecurityContextHolderAwareRequestFilter@19c83b2'
DEBUG qtp26756861-25 org.springframework.security.web.FilterChainProxy - /person/form at position 6 of 9 in additional filter chain; firing Filter: 'org.springframework.security.web.authentication.AnonymousProcessingFilter@137e670'
DEBUG qtp26756861-25 org.springframework.security.web.authentication.AnonymousProcessingFilter - SecurityContextHolder not populated with anonymous token, as it already contained: 'org.springframework.security.authentication.UsernamePasswordAuthenticationToken@badb1fa9: Principal: org.springframework.security.core.userdetails.User@0: Username: super@admin.com; Password: [PROTECTED]; Enabled: true; AccountNonExpired: true; credentialsNonExpired: true; AccountNonLocked: true; Granted Authorities: ROLE_ADMIN; Password: [PROTECTED]; Authenticated: true; Details: org.springframework.security.web.authentication.WebAuthenticationDetails@fffed504: RemoteIpAddress: 127.0.0.1; SessionId: 1j3cw73hwrvpn1h0txgsr0x0dw; Granted Authorities: ROLE_ADMIN'
DEBUG qtp26756861-25 org.springframework.security.web.FilterChainProxy - /person/form at position 7 of 9 in additional filter chain; firing Filter: 'org.springframework.security.web.access.ExceptionTranslationFilter@f9e89d'
DEBUG qtp26756861-25 org.springframework.security.web.FilterChainProxy - /person/form at position 8 of 9 in additional filter chain; firing Filter: 'org.springframework.security.web.session.SessionManagementFilter@116d76a'
DEBUG qtp26756861-25 org.springframework.security.web.FilterChainProxy - /person/form at position 9 of 9 in additional filter chain; firing Filter: 'org.springframework.security.web.access.intercept.FilterSecurityInterceptor@98928f'
DEBUG qtp26756861-25 org.springframework.security.web.access.expression.ExpressionBasedFilterInvocationSecurityMetadataSource - Converted URL to lowercase, from: '/person/form'; to: '/person/form'
DEBUG qtp26756861-25 org.springframework.security.web.access.expression.ExpressionBasedFilterInvocationSecurityMetadataSource - Candidate is: '/person/form'; pattern is /**; matched=true
DEBUG qtp26756861-25 org.springframework.security.web.access.intercept.FilterSecurityInterceptor - Secure object: FilterInvocation: URL: /person/form; Attributes: [permitAll]
DEBUG qtp26756861-25 org.springframework.security.web.access.intercept.FilterSecurityInterceptor - Previously Authenticated: org.springframework.security.authentication.UsernamePasswordAuthenticationToken@badb1fa9: Principal: org.springframework.security.core.userdetails.User@0: Username: super@admin.com; Password: [PROTECTED]; Enabled: true; AccountNonExpired: true; credentialsNonExpired: true; AccountNonLocked: true; Granted Authorities: ROLE_ADMIN; Password: [PROTECTED]; Authenticated: true; Details: org.springframework.security.web.authentication.WebAuthenticationDetails@fffed504: RemoteIpAddress: 127.0.0.1; SessionId: 1j3cw73hwrvpn1h0txgsr0x0dw; Granted Authorities: ROLE_ADMIN
DEBUG qtp26756861-25 org.springframework.security.access.vote.AffirmativeBased - Voter: org.springframework.security.web.access.expression.WebExpressionVoter@199da01, returned: 1
DEBUG qtp26756861-25 org.springframework.security.web.access.intercept.FilterSecurityInterceptor - Authorization successful
DEBUG qtp26756861-25 org.springframework.security.web.access.intercept.FilterSecurityInterceptor - RunAsManager did not change Authentication object
DEBUG qtp26756861-25 org.springframework.security.web.FilterChainProxy - /person/form reached end of additional filter chain; proceeding with original chain
DEBUG qtp26756861-25 org.springframework.security.web.access.ExceptionTranslationFilter - Chain processed normally
DEBUG qtp26756861-25 org.springframework.security.web.context.SecurityContextPersistenceFilter - SecurityContextHolder now cleared, as request processing completed
DEBUG qtp26756861-29 org.springframework.security.web.FilterChainProxy - Converted URL to lowercase, from: '/static/styles/finance.css'; to: '/static/styles/finance.css'
DEBUG qtp26756861-29 org.springframework.security.web.FilterChainProxy - Candidate is: '/static/styles/finance.css'; pattern is /**; matched=true
DEBUG qtp26756861-29 org.springframework.security.web.FilterChainProxy - /static/styles/finance.css at position 1 of 9 in additional filter chain; firing Filter: 'org.springframework.security.web.context.SecurityContextPersistenceFilter@137c834'
DEBUG qtp26756861-29 org.springframework.security.web.context.HttpSessionSecurityContextRepository - Obtained a valid SecurityContext from SPRING_SECURITY_CONTEXT: 'org.springframework.security.core.context.SecurityContextImpl@badb1fa9: Authentication: org.springframework.security.authentication.UsernamePasswordAuthenticationToken@badb1fa9: Principal: org.springframework.security.core.userdetails.User@0: Username: super@admin.com; Password: [PROTECTED]; Enabled: true; AccountNonExpired: true; credentialsNonExpired: true; AccountNonLocked: true; Granted Authorities: ROLE_ADMIN; Password: [PROTECTED]; Authenticated: true; Details: org.springframework.security.web.authentication.WebAuthenticationDetails@fffed504: RemoteIpAddress: 127.0.0.1; SessionId: 1j3cw73hwrvpn1h0txgsr0x0dw; Granted Authorities: ROLE_ADMIN'
DEBUG qtp26756861-29 org.springframework.security.web.FilterChainProxy - /static/styles/finance.css at position 2 of 9 in additional filter chain; firing Filter: 'org.springframework.security.web.authentication.logout.LogoutFilter@f93d2d'
DEBUG qtp26756861-29 org.springframework.security.web.FilterChainProxy - /static/styles/finance.css at position 3 of 9 in additional filter chain; firing Filter: 'org.springframework.security.web.authentication.UsernamePasswordAuthenticationProcessingFilter@11f74a1'
DEBUG qtp26756861-29 org.springframework.security.web.FilterChainProxy - /static/styles/finance.css at position 4 of 9 in additional filter chain; firing Filter: 'org.springframework.security.web.savedrequest.RequestCacheAwareFilter@21fdc8'
DEBUG qtp26756861-29 org.springframework.security.web.FilterChainProxy - /static/styles/finance.css at position 5 of 9 in additional filter chain; firing Filter: 'org.springframework.security.web.wrapper.SecurityContextHolderAwareRequestFilter@19c83b2'
DEBUG qtp26756861-29 org.springframework.security.web.FilterChainProxy - /static/styles/finance.css at position 6 of 9 in additional filter chain; firing Filter: 'org.springframework.security.web.authentication.AnonymousProcessingFilter@137e670'
DEBUG qtp26756861-29 org.springframework.security.web.authentication.AnonymousProcessingFilter - SecurityContextHolder not populated with anonymous token, as it already contained: 'org.springframework.security.authentication.UsernamePasswordAuthenticationToken@badb1fa9: Principal: org.springframework.security.core.userdetails.User@0: Username: super@admin.com; Password: [PROTECTED]; Enabled: true; AccountNonExpired: true; credentialsNonExpired: true; AccountNonLocked: true; Granted Authorities: ROLE_ADMIN; Password: [PROTECTED]; Authenticated: true; Details: org.springframework.security.web.authentication.WebAuthenticationDetails@fffed504: RemoteIpAddress: 127.0.0.1; SessionId: 1j3cw73hwrvpn1h0txgsr0x0dw; Granted Authorities: ROLE_ADMIN'
DEBUG qtp26756861-29 org.springframework.security.web.FilterChainProxy - /static/styles/finance.css at position 7 of 9 in additional filter chain; firing Filter: 'org.springframework.security.web.access.ExceptionTranslationFilter@f9e89d'
DEBUG qtp26756861-29 org.springframework.security.web.FilterChainProxy - /static/styles/finance.css at position 8 of 9 in additional filter chain; firing Filter: 'org.springframework.security.web.session.SessionManagementFilter@116d76a'
DEBUG qtp26756861-29 org.springframework.security.web.FilterChainProxy - /static/styles/finance.css at position 9 of 9 in additional filter chain; firing Filter: 'org.springframework.security.web.access.intercept.FilterSecurityInterceptor@98928f'
DEBUG qtp26756861-29 org.springframework.security.web.access.expression.ExpressionBasedFilterInvocationSecurityMetadataSource - Converted URL to lowercase, from: '/static/styles/finance.css'; to: '/static/styles/finance.css'
DEBUG qtp26756861-29 org.springframework.security.web.access.expression.ExpressionBasedFilterInvocationSecurityMetadataSource - Candidate is: '/static/styles/finance.css'; pattern is /**; matched=true
DEBUG qtp26756861-29 org.springframework.security.web.access.intercept.FilterSecurityInterceptor - Secure object: FilterInvocation: URL: /static/styles/finance.css; Attributes: [permitAll]
DEBUG qtp26756861-29 org.springframework.security.web.access.intercept.FilterSecurityInterceptor - Previously Authenticated: org.springframework.security.authentication.UsernamePasswordAuthenticationToken@badb1fa9: Principal: org.springframework.security.core.userdetails.User@0: Username: super@admin.com; Password: [PROTECTED]; Enabled: true; AccountNonExpired: true; credentialsNonExpired: true; AccountNonLocked: true; Granted Authorities: ROLE_ADMIN; Password: [PROTECTED]; Authenticated: true; Details: org.springframework.security.web.authentication.WebAuthenticationDetails@fffed504: RemoteIpAddress: 127.0.0.1; SessionId: 1j3cw73hwrvpn1h0txgsr0x0dw; Granted Authorities: ROLE_ADMIN
DEBUG qtp26756861-29 org.springframework.security.access.vote.AffirmativeBased - Voter: org.springframework.security.web.access.expression.WebExpressionVoter@199da01, returned: 1
DEBUG qtp26756861-29 org.springframework.security.web.access.intercept.FilterSecurityInterceptor - Authorization successful
DEBUG qtp26756861-29 org.springframework.security.web.access.intercept.FilterSecurityInterceptor - RunAsManager did not change Authentication object
DEBUG qtp26756861-29 org.springframework.security.web.FilterChainProxy - /static/styles/finance.css reached end of additional filter chain; proceeding with original chain
DEBUG qtp26756861-29 org.springframework.security.web.access.ExceptionTranslationFilter - Chain processed normally
DEBUG qtp26756861-29 org.springframework.security.web.context.SecurityContextPersistenceFilter - SecurityContextHolder now cleared, as request processing completed
DEBUG qtp26756861-26 org.springframework.security.web.FilterChainProxy - Converted URL to lowercase, from: '/resources/dijit/multiselect.js'; to: '/resources/dijit/multiselect.js'
DEBUG qtp26756861-26 org.springframework.security.web.FilterChainProxy - Candidate is: '/resources/dijit/multiselect.js'; pattern is /**; matched=true
DEBUG qtp26756861-26 org.springframework.security.web.FilterChainProxy - /resources/dijit/MultiSelect.js at position 1 of 9 in additional filter chain; firing Filter: 'org.springframework.security.web.context.SecurityContextPersistenceFilter@137c834'
DEBUG qtp26756861-26 org.springframework.security.web.context.HttpSessionSecurityContextRepository - Obtained a valid SecurityContext from SPRING_SECURITY_CONTEXT: 'org.springframework.security.core.context.SecurityContextImpl@badb1fa9: Authentication: org.springframework.security.authentication.UsernamePasswordAuthenticationToken@badb1fa9: Principal: org.springframework.security.core.userdetails.User@0: Username: super@admin.com; Password: [PROTECTED]; Enabled: true; AccountNonExpired: true; credentialsNonExpired: true; AccountNonLocked: true; Granted Authorities: ROLE_ADMIN; Password: [PROTECTED]; Authenticated: true; Details: org.springframework.security.web.authentication.WebAuthenticationDetails@fffed504: RemoteIpAddress: 127.0.0.1; SessionId: 1j3cw73hwrvpn1h0txgsr0x0dw; Granted Authorities: ROLE_ADMIN'
DEBUG qtp26756861-26 org.springframework.security.web.FilterChainProxy - /resources/dijit/MultiSelect.js at position 2 of 9 in additional filter chain; firing Filter: 'org.springframework.security.web.authentication.logout.LogoutFilter@f93d2d'
DEBUG qtp26756861-26 org.springframework.security.web.FilterChainProxy - /resources/dijit/MultiSelect.js at position 3 of 9 in additional filter chain; firing Filter: 'org.springframework.security.web.authentication.UsernamePasswordAuthenticationProcessingFilter@11f74a1'
DEBUG qtp26756861-26 org.springframework.security.web.FilterChainProxy - /resources/dijit/MultiSelect.js at position 4 of 9 in additional filter chain; firing Filter: 'org.springframework.security.web.savedrequest.RequestCacheAwareFilter@21fdc8'
DEBUG qtp26756861-26 org.springframework.security.web.FilterChainProxy - /resources/dijit/MultiSelect.js at position 5 of 9 in additional filter chain; firing Filter: 'org.springframework.security.web.wrapper.SecurityContextHolderAwareRequestFilter@19c83b2'
DEBUG qtp26756861-26 org.springframework.security.web.FilterChainProxy - /resources/dijit/MultiSelect.js at position 6 of 9 in additional filter chain; firing Filter: 'org.springframework.security.web.authentication.AnonymousProcessingFilter@137e670'
DEBUG qtp26756861-26 org.springframework.security.web.authentication.AnonymousProcessingFilter - SecurityContextHolder not populated with anonymous token, as it already contained: 'org.springframework.security.authentication.UsernamePasswordAuthenticationToken@badb1fa9: Principal: org.springframework.security.core.userdetails.User@0: Username: super@admin.com; Password: [PROTECTED]; Enabled: true; AccountNonExpired: true; credentialsNonExpired: true; AccountNonLocked: true; Granted Authorities: ROLE_ADMIN; Password: [PROTECTED]; Authenticated: true; Details: org.springframework.security.web.authentication.WebAuthenticationDetails@fffed504: RemoteIpAddress: 127.0.0.1; SessionId: 1j3cw73hwrvpn1h0txgsr0x0dw; Granted Authorities: ROLE_ADMIN'
DEBUG qtp26756861-26 org.springframework.security.web.FilterChainProxy - /resources/dijit/MultiSelect.js at position 7 of 9 in additional filter chain; firing Filter: 'org.springframework.security.web.access.ExceptionTranslationFilter@f9e89d'
DEBUG qtp26756861-26 org.springframework.security.web.FilterChainProxy - /resources/dijit/MultiSelect.js at position 8 of 9 in additional filter chain; firing Filter: 'org.springframework.security.web.session.SessionManagementFilter@116d76a'
DEBUG qtp26756861-26 org.springframework.security.web.FilterChainProxy - /resources/dijit/MultiSelect.js at position 9 of 9 in additional filter chain; firing Filter: 'org.springframework.security.web.access.intercept.FilterSecurityInterceptor@98928f'
DEBUG qtp26756861-26 org.springframework.security.web.access.expression.ExpressionBasedFilterInvocationSecurityMetadataSource - Converted URL to lowercase, from: '/resources/dijit/multiselect.js'; to: '/resources/dijit/multiselect.js'
DEBUG qtp26756861-26 org.springframework.security.web.access.expression.ExpressionBasedFilterInvocationSecurityMetadataSource - Candidate is: '/resources/dijit/multiselect.js'; pattern is /**; matched=true
DEBUG qtp26756861-26 org.springframework.security.web.access.intercept.FilterSecurityInterceptor - Secure object: FilterInvocation: URL: /resources/dijit/MultiSelect.js; Attributes: [permitAll]
DEBUG qtp26756861-26 org.springframework.security.web.access.intercept.FilterSecurityInterceptor - Previously Authenticated: org.springframework.security.authentication.UsernamePasswordAuthenticationToken@badb1fa9: Principal: org.springframework.security.core.userdetails.User@0: Username: super@admin.com; Password: [PROTECTED]; Enabled: true; AccountNonExpired: true; credentialsNonExpired: true; AccountNonLocked: true; Granted Authorities: ROLE_ADMIN; Password: [PROTECTED]; Authenticated: true; Details: org.springframework.security.web.authentication.WebAuthenticationDetails@fffed504: RemoteIpAddress: 127.0.0.1; SessionId: 1j3cw73hwrvpn1h0txgsr0x0dw; Granted Authorities: ROLE_ADMIN
DEBUG qtp26756861-26 org.springframework.security.access.vote.AffirmativeBased - Voter: org.springframework.security.web.access.expression.WebExpressionVoter@199da01, returned: 1
DEBUG qtp26756861-26 org.springframework.security.web.access.intercept.FilterSecurityInterceptor - Authorization successful
DEBUG qtp26756861-26 org.springframework.security.web.access.intercept.FilterSecurityInterceptor - RunAsManager did not change Authentication object
DEBUG qtp26756861-26 org.springframework.security.web.FilterChainProxy - /resources/dijit/MultiSelect.js reached end of additional filter chain; proceeding with original chain
DEBUG qtp26756861-26 org.springframework.security.web.access.ExceptionTranslationFilter - Chain processed normally
DEBUG qtp26756861-26 org.springframework.security.web.context.SecurityContextPersistenceFilter - SecurityContextHolder now cleared, as request processing completed
DEBUG qtp26756861-28 org.springframework.security.web.FilterChainProxy - Converted URL to lowercase, from: '/product/form/cash'; to: '/product/form/cash'
DEBUG qtp26756861-28 org.springframework.security.web.FilterChainProxy - Candidate is: '/product/form/cash'; pattern is /**; matched=true
DEBUG qtp26756861-28 org.springframework.security.web.FilterChainProxy - /product/form/cash at position 1 of 9 in additional filter chain; firing Filter: 'org.springframework.security.web.context.SecurityContextPersistenceFilter@137c834'
DEBUG qtp26756861-28 org.springframework.security.web.context.HttpSessionSecurityContextRepository - Obtained a valid SecurityContext from SPRING_SECURITY_CONTEXT: 'org.springframework.security.core.context.SecurityContextImpl@badb1fa9: Authentication: org.springframework.security.authentication.UsernamePasswordAuthenticationToken@badb1fa9: Principal: org.springframework.security.core.userdetails.User@0: Username: super@admin.com; Password: [PROTECTED]; Enabled: true; AccountNonExpired: true; credentialsNonExpired: true; AccountNonLocked: true; Granted Authorities: ROLE_ADMIN; Password: [PROTECTED]; Authenticated: true; Details: org.springframework.security.web.authentication.WebAuthenticationDetails@fffed504: RemoteIpAddress: 127.0.0.1; SessionId: 1j3cw73hwrvpn1h0txgsr0x0dw; Granted Authorities: ROLE_ADMIN'
DEBUG qtp26756861-28 org.springframework.security.web.FilterChainProxy - /product/form/cash at position 2 of 9 in additional filter chain; firing Filter: 'org.springframework.security.web.authentication.logout.LogoutFilter@f93d2d'
DEBUG qtp26756861-28 org.springframework.security.web.FilterChainProxy - /product/form/cash at position 3 of 9 in additional filter chain; firing Filter: 'org.springframework.security.web.authentication.UsernamePasswordAuthenticationProcessingFilter@11f74a1'
DEBUG qtp26756861-28 org.springframework.security.web.FilterChainProxy - /product/form/cash at position 4 of 9 in additional filter chain; firing Filter: 'org.springframework.security.web.savedrequest.RequestCacheAwareFilter@21fdc8'
DEBUG qtp26756861-28 org.springframework.security.web.FilterChainProxy - /product/form/cash at position 5 of 9 in additional filter chain; firing Filter: 'org.springframework.security.web.wrapper.SecurityContextHolderAwareRequestFilter@19c83b2'
DEBUG qtp26756861-28 org.springframework.security.web.FilterChainProxy - /product/form/cash at position 6 of 9 in additional filter chain; firing Filter: 'org.springframework.security.web.authentication.AnonymousProcessingFilter@137e670'
DEBUG qtp26756861-28 org.springframework.security.web.authentication.AnonymousProcessingFilter - SecurityContextHolder not populated with anonymous token, as it already contained: 'org.springframework.security.authentication.UsernamePasswordAuthenticationToken@badb1fa9: Principal: org.springframework.security.core.userdetails.User@0: Username: super@admin.com; Password: [PROTECTED]; Enabled: true; AccountNonExpired: true; credentialsNonExpired: true; AccountNonLocked: true; Granted Authorities: ROLE_ADMIN; Password: [PROTECTED]; Authenticated: true; Details: org.springframework.security.web.authentication.WebAuthenticationDetails@fffed504: RemoteIpAddress: 127.0.0.1; SessionId: 1j3cw73hwrvpn1h0txgsr0x0dw; Granted Authorities: ROLE_ADMIN'
DEBUG qtp26756861-28 org.springframework.security.web.FilterChainProxy - /product/form/cash at position 7 of 9 in additional filter chain; firing Filter: 'org.springframework.security.web.access.ExceptionTranslationFilter@f9e89d'
DEBUG qtp26756861-28 org.springframework.security.web.FilterChainProxy - /product/form/cash at position 8 of 9 in additional filter chain; firing Filter: 'org.springframework.security.web.session.SessionManagementFilter@116d76a'
DEBUG qtp26756861-28 org.springframework.security.web.FilterChainProxy - /product/form/cash at position 9 of 9 in additional filter chain; firing Filter: 'org.springframework.security.web.access.intercept.FilterSecurityInterceptor@98928f'
DEBUG qtp26756861-28 org.springframework.security.web.access.expression.ExpressionBasedFilterInvocationSecurityMetadataSource - Converted URL to lowercase, from: '/product/form/cash'; to: '/product/form/cash'
DEBUG qtp26756861-28 org.springframework.security.web.access.expression.ExpressionBasedFilterInvocationSecurityMetadataSource - Candidate is: '/product/form/cash'; pattern is /**; matched=true
DEBUG qtp26756861-28 org.springframework.security.web.access.intercept.FilterSecurityInterceptor - Secure object: FilterInvocation: URL: /product/form/cash; Attributes: [permitAll]
DEBUG qtp26756861-28 org.springframework.security.web.access.intercept.FilterSecurityInterceptor - Previously Authenticated: org.springframework.security.authentication.UsernamePasswordAuthenticationToken@badb1fa9: Principal: org.springframework.security.core.userdetails.User@0: Username: super@admin.com; Password: [PROTECTED]; Enabled: true; AccountNonExpired: true; credentialsNonExpired: true; AccountNonLocked: true; Granted Authorities: ROLE_ADMIN; Password: [PROTECTED]; Authenticated: true; Details: org.springframework.security.web.authentication.WebAuthenticationDetails@fffed504: RemoteIpAddress: 127.0.0.1; SessionId: 1j3cw73hwrvpn1h0txgsr0x0dw; Granted Authorities: ROLE_ADMIN
DEBUG qtp26756861-28 org.springframework.security.access.vote.AffirmativeBased - Voter: org.springframework.security.web.access.expression.WebExpressionVoter@199da01, returned: 1
DEBUG qtp26756861-28 org.springframework.security.web.access.intercept.FilterSecurityInterceptor - Authorization successful
DEBUG qtp26756861-28 org.springframework.security.web.access.intercept.FilterSecurityInterceptor - RunAsManager did not change Authentication object
DEBUG qtp26756861-28 org.springframework.security.web.FilterChainProxy - /product/form/cash reached end of additional filter chain; proceeding with original chain
DEBUG qtp26756861-28 org.springframework.security.web.access.ExceptionTranslationFilter - Chain processed normally
DEBUG qtp26756861-28 org.springframework.security.web.context.SecurityContextPersistenceFilter - SecurityContextHolder now cleared, as request processing completed
DEBUG qtp26756861-29 org.springframework.security.web.FilterChainProxy - Converted URL to lowercase, from: '/static/styles/finance.css'; to: '/static/styles/finance.css'
DEBUG qtp26756861-29 org.springframework.security.web.FilterChainProxy - Candidate is: '/static/styles/finance.css'; pattern is /**; matched=true
DEBUG qtp26756861-29 org.springframework.security.web.FilterChainProxy - /static/styles/finance.css at position 1 of 9 in additional filter chain; firing Filter: 'org.springframework.security.web.context.SecurityContextPersistenceFilter@137c834'
DEBUG qtp26756861-29 org.springframework.security.web.context.HttpSessionSecurityContextRepository - Obtained a valid SecurityContext from SPRING_SECURITY_CONTEXT: 'org.springframework.security.core.context.SecurityContextImpl@badb1fa9: Authentication: org.springframework.security.authentication.UsernamePasswordAuthenticationToken@badb1fa9: Principal: org.springframework.security.core.userdetails.User@0: Username: super@admin.com; Password: [PROTECTED]; Enabled: true; AccountNonExpired: true; credentialsNonExpired: true; AccountNonLocked: true; Granted Authorities: ROLE_ADMIN; Password: [PROTECTED]; Authenticated: true; Details: org.springframework.security.web.authentication.WebAuthenticationDetails@fffed504: RemoteIpAddress: 127.0.0.1; SessionId: 1j3cw73hwrvpn1h0txgsr0x0dw; Granted Authorities: ROLE_ADMIN'
DEBUG qtp26756861-29 org.springframework.security.web.FilterChainProxy - /static/styles/finance.css at position 2 of 9 in additional filter chain; firing Filter: 'org.springframework.security.web.authentication.logout.LogoutFilter@f93d2d'
DEBUG qtp26756861-29 org.springframework.security.web.FilterChainProxy - /static/styles/finance.css at position 3 of 9 in additional filter chain; firing Filter: 'org.springframework.security.web.authentication.UsernamePasswordAuthenticationProcessingFilter@11f74a1'
DEBUG qtp26756861-29 org.springframework.security.web.FilterChainProxy - /static/styles/finance.css at position 4 of 9 in additional filter chain; firing Filter: 'org.springframework.security.web.savedrequest.RequestCacheAwareFilter@21fdc8'
DEBUG qtp26756861-29 org.springframework.security.web.FilterChainProxy - /static/styles/finance.css at position 5 of 9 in additional filter chain; firing Filter: 'org.springframework.security.web.wrapper.SecurityContextHolderAwareRequestFilter@19c83b2'
DEBUG qtp26756861-29 org.springframework.security.web.FilterChainProxy - /static/styles/finance.css at position 6 of 9 in additional filter chain; firing Filter: 'org.springframework.security.web.authentication.AnonymousProcessingFilter@137e670'
DEBUG qtp26756861-29 org.springframework.security.web.authentication.AnonymousProcessingFilter - SecurityContextHolder not populated with anonymous token, as it already contained: 'org.springframework.security.authentication.UsernamePasswordAuthenticationToken@badb1fa9: Principal: org.springframework.security.core.userdetails.User@0: Username: super@admin.com; Password: [PROTECTED]; Enabled: true; AccountNonExpired: true; credentialsNonExpired: true; AccountNonLocked: true; Granted Authorities: ROLE_ADMIN; Password: [PROTECTED]; Authenticated: true; Details: org.springframework.security.web.authentication.WebAuthenticationDetails@fffed504: RemoteIpAddress: 127.0.0.1; SessionId: 1j3cw73hwrvpn1h0txgsr0x0dw; Granted Authorities: ROLE_ADMIN'
DEBUG qtp26756861-29 org.springframework.security.web.FilterChainProxy - /static/styles/finance.css at position 7 of 9 in additional filter chain; firing Filter: 'org.springframework.security.web.access.ExceptionTranslationFilter@f9e89d'
DEBUG qtp26756861-29 org.springframework.security.web.FilterChainProxy - /static/styles/finance.css at position 8 of 9 in additional filter chain; firing Filter: 'org.springframework.security.web.session.SessionManagementFilter@116d76a'
DEBUG qtp26756861-29 org.springframework.security.web.FilterChainProxy - /static/styles/finance.css at position 9 of 9 in additional filter chain; firing Filter: 'org.springframework.security.web.access.intercept.FilterSecurityInterceptor@98928f'
DEBUG qtp26756861-29 org.springframework.security.web.access.expression.ExpressionBasedFilterInvocationSecurityMetadataSource - Converted URL to lowercase, from: '/static/styles/finance.css'; to: '/static/styles/finance.css'
DEBUG qtp26756861-29 org.springframework.security.web.access.expression.ExpressionBasedFilterInvocationSecurityMetadataSource - Candidate is: '/static/styles/finance.css'; pattern is /**; matched=true
DEBUG qtp26756861-29 org.springframework.security.web.access.intercept.FilterSecurityInterceptor - Secure object: FilterInvocation: URL: /static/styles/finance.css; Attributes: [permitAll]
DEBUG qtp26756861-29 org.springframework.security.web.access.intercept.FilterSecurityInterceptor - Previously Authenticated: org.springframework.security.authentication.UsernamePasswordAuthenticationToken@badb1fa9: Principal: org.springframework.security.core.userdetails.User@0: Username: super@admin.com; Password: [PROTECTED]; Enabled: true; AccountNonExpired: true; credentialsNonExpired: true; AccountNonLocked: true; Granted Authorities: ROLE_ADMIN; Password: [PROTECTED]; Authenticated: true; Details: org.springframework.security.web.authentication.WebAuthenticationDetails@fffed504: RemoteIpAddress: 127.0.0.1; SessionId: 1j3cw73hwrvpn1h0txgsr0x0dw; Granted Authorities: ROLE_ADMIN
DEBUG qtp26756861-29 org.springframework.security.access.vote.AffirmativeBased - Voter: org.springframework.security.web.access.expression.WebExpressionVoter@199da01, returned: 1
DEBUG qtp26756861-29 org.springframework.security.web.access.intercept.FilterSecurityInterceptor - Authorization successful
DEBUG qtp26756861-29 org.springframework.security.web.access.intercept.FilterSecurityInterceptor - RunAsManager did not change Authentication object
DEBUG qtp26756861-29 org.springframework.security.web.FilterChainProxy - /static/styles/finance.css reached end of additional filter chain; proceeding with original chain
DEBUG qtp26756861-29 org.springframework.security.web.access.ExceptionTranslationFilter - Chain processed normally
DEBUG qtp26756861-29 org.springframework.security.web.context.SecurityContextPersistenceFilter - SecurityContextHolder now cleared, as request processing completed
